[0.017s] Invoking command in '/home/krism01/python/ros/ros2_study/build/my_first_package_msgs': /usr/bin/cmake --build /home/krism01/python/ros/ros2_study/build/my_first_package_msgs -- -j2 -l2
[0.134s] -- Found ament_cmake: 1.3.8 (/opt/ros/humble/share/ament_cmake/cmake)
[0.658s] Traceback (most recent call last):
[0.660s]   File "/opt/ros/humble/share/ament_cmake_core/cmake/package_templates/templates_2_cmake.py", line 21, in <module>
[0.660s]     from ament_package.templates import get_environment_hook_template_path
[0.661s] ModuleNotFoundError: No module named 'ament_package'
[0.675s] [31mCMake Error at /opt/ros/humble/share/ament_cmake_core/cmake/ament_cmake_package_templates-extras.cmake:41 (message):
[0.676s]   execute_process(/usr/bin/python3
[0.678s]   /opt/ros/humble/share/ament_cmake_core/cmake/package_templates/templates_2_cmake.py
[0.678s]   /home/krism01/python/ros/ros2_study/build/my_first_package_msgs/ament_cmake_package_templates/templates.cmake)
[0.678s]   returned error code 1
[0.678s] Call Stack (most recent call first):
[0.678s]   /opt/ros/humble/share/ament_cmake_core/cmake/ament_cmake_coreConfig.cmake:41 (include)
[0.678s]   /opt/ros/humble/share/ament_cmake/cmake/ament_cmake_export_dependencies-extras.cmake:15 (find_package)
[0.678s]   /opt/ros/humble/share/ament_cmake/cmake/ament_cmakeConfig.cmake:41 (include)
[0.678s]   CMakeLists.txt:9 (find_package)
[0.679s] 
[0.679s] [0m
[0.679s] -- Configuring incomplete, errors occurred!
[0.680s] See also "/home/krism01/python/ros/ros2_study/build/my_first_package_msgs/CMakeFiles/CMakeOutput.log".
[0.680s] gmake: *** [Makefile:747: cmake_check_build_system] Error 1
[0.740s] Invoked command in '/home/krism01/python/ros/ros2_study/build/my_first_package_msgs' returned '2': /usr/bin/cmake --build /home/krism01/python/ros/ros2_study/build/my_first_package_msgs -- -j2 -l2
