[0.084s] Invoking command in '/home/krism01/python/ros/ros2_study/build/my_first_package_msgs': /usr/bin/cmake --build /home/krism01/python/ros/ros2_study/build/my_first_package_msgs -- -j2 -l2
[0.553s] [33mCMake Warning (dev) at CMakeLists.txt:18:
[0.553s]   Syntax Warning in cmake code at column 26
[0.553s] 
[0.554s]   Argument not separated from preceding token by whitespace.
[0.554s] This warning is for project developers.  Use -Wno-dev to suppress it.
[0.554s] [0m
[0.554s] [33mCMake Warning (dev) at CMakeLists.txt:19:
[0.554s]   Syntax Warning in cmake code at column 23
[0.554s] 
[0.554s]   Argument not separated from preceding token by whitespace.
[0.554s] This warning is for project developers.  Use -Wno-dev to suppress it.
[0.554s] [0m
[0.644s] -- Found ament_cmake: 1.3.8 (/opt/ros/humble/share/ament_cmake/cmake)
[1.072s] Traceback (most recent call last):
[1.072s]   File "/opt/ros/humble/share/ament_cmake_core/cmake/package_templates/templates_2_cmake.py", line 21, in <module>
[1.072s]     from ament_package.templates import get_environment_hook_template_path
[1.073s] ModuleNotFoundError: No module named 'ament_package'
[1.084s] [31mCMake Error at /opt/ros/humble/share/ament_cmake_core/cmake/ament_cmake_package_templates-extras.cmake:41 (message):
[1.084s]   execute_process(/usr/bin/python3
[1.085s]   /opt/ros/humble/share/ament_cmake_core/cmake/package_templates/templates_2_cmake.py
[1.085s]   /home/krism01/python/ros/ros2_study/build/my_first_package_msgs/ament_cmake_package_templates/templates.cmake)
[1.085s]   returned error code 1
[1.085s] Call Stack (most recent call first):
[1.085s]   /opt/ros/humble/share/ament_cmake_core/cmake/ament_cmake_coreConfig.cmake:41 (include)
[1.086s]   /opt/ros/humble/share/ament_cmake/cmake/ament_cmake_export_dependencies-extras.cmake:15 (find_package)
[1.086s]   /opt/ros/humble/share/ament_cmake/cmake/ament_cmakeConfig.cmake:41 (include)
[1.097s]   CMakeLists.txt:9 (find_package)
[1.097s] 
[1.097s] [0m
[1.112s] -- Configuring incomplete, errors occurred!
[1.112s] See also "/home/krism01/python/ros/ros2_study/build/my_first_package_msgs/CMakeFiles/CMakeOutput.log".
[1.148s] gmake: *** [Makefile:747: cmake_check_build_system] Error 1
[1.148s] Invoked command in '/home/krism01/python/ros/ros2_study/build/my_first_package_msgs' returned '2': /usr/bin/cmake --build /home/krism01/python/ros/ros2_study/build/my_first_package_msgs -- -j2 -l2
